0 info it worked if it ends with ok
1 verbose cli [ 'C:\\Program Files\\nodejs\\node.exe',
1 verbose cli   'C:\\Program Files\\nodejs\\node_modules\\npm\\bin\\npm-cli.js',
1 verbose cli   'run',
1 verbose cli   'build' ]
2 info using npm@3.10.10
3 info using node@v7.2.1
4 verbose run-script [ 'prebuild', 'build', 'postbuild' ]
5 info lifecycle webpack-sample@1.0.0~prebuild: webpack-sample@1.0.0
6 silly lifecycle webpack-sample@1.0.0~prebuild: no script for prebuild, continuing
7 info lifecycle webpack-sample@1.0.0~build: webpack-sample@1.0.0
8 verbose lifecycle webpack-sample@1.0.0~build: unsafe-perm in lifecycle true
9 verbose lifecycle webpack-sample@1.0.0~build: PATH: C:\Program Files\nodejs\node_modules\npm\bin\node-gyp-bin;C:\Workspace\webpack-sample\node_modules\.bin;C:\Program Files (x86)\Common Files\Oracle\Java\javapath;C:\ProgramData\Oracle\Java\javapath;C:\glassfish\jdk7\bin;C:\glassfish;C:\glassfish\bin;C:\Program Files\ActiveState Perl Dev Kit 9.2.1\bin\;C:\Perl64\site\bin;C:\Perl64\bin;C:\WINDOWS\system32;C:\WINDOWS;C:\WINDOWS\System32\Wbem;C:\WINDOWS\System32\WindowsPowerShell\v1.0\;C:\Program Files\Microsoft\Web Platform Installer\;C:\Program Files (x86)\Microsoft ASP.NET\ASP.NET Web Pages\v1.0\;C:\Program Files (x86)\MySQL\MySQL Fabric 1.5.2 & MySQL Utilities 1.5.2 1.5\;C:\Program Files (x86)\MySQL\MySQL Fabric 1.5.2 & MySQL Utilities 1.5.2 1.5\Doctrine extensions for PHP\;C:\Program Files\nodejs\;C:\Program Files\Microsoft SQL Server\120\Tools\Binn\;C:\Program Files\Microsoft SQL Server\130\Tools\Binn\;C:\Program Files\dotnet\;C:\Program Files (x86)\Microsoft SQL Server\120\DTS\Binn\;C:\Program Files\Microsoft SQL Server\Client SDK\ODBC\110\Tools\Binn\;C:\Program Files (x86)\Microsoft SQL Server\120\Tools\Binn\;C:\Program Files\Microsoft SQL Server\120\DTS\Binn\;C:\Program Files (x86)\Microsoft SQL Server\120\Tools\Binn\ManagementStudio\;C:\Program Files\Git\cmd;C:\Program Files (x86)\Universal Extractor;C:\Program Files (x86)\Universal Extractor\bin;C:\WINDOWS\System32\OpenSSH\;;C:\Users\Frédéric DUARTE\AppData\Roaming\npm;C:\Program Files\Heroku\bin;C:\Users\Frédéric DUARTE\AppData\Local\Microsoft\WindowsApps;C:\Users\Frédéric DUARTE\AppData\Local\Programs\Microsoft VS Code\bin
10 verbose lifecycle webpack-sample@1.0.0~build: CWD: C:\Workspace\webpack-sample
11 silly lifecycle webpack-sample@1.0.0~build: Args: [ '/d /s /c', 'webpack' ]
12 silly lifecycle webpack-sample@1.0.0~build: Returned: code: 1  signal: null
13 info lifecycle webpack-sample@1.0.0~build: Failed to exec build script
14 verbose stack Error: webpack-sample@1.0.0 build: `webpack`
14 verbose stack Exit status 1
14 verbose stack     at EventEmitter.<anonymous> (C:\Program Files\nodejs\node_modules\npm\lib\utils\lifecycle.js:255:16)
14 verbose stack     at emitTwo (events.js:106:13)
14 verbose stack     at EventEmitter.emit (events.js:191:7)
14 verbose stack     at ChildProcess.<anonymous> (C:\Program Files\nodejs\node_modules\npm\lib\utils\spawn.js:40:14)
14 verbose stack     at emitTwo (events.js:106:13)
14 verbose stack     at ChildProcess.emit (events.js:191:7)
14 verbose stack     at maybeClose (internal/child_process.js:885:16)
14 verbose stack     at Process.ChildProcess._handle.onexit (internal/child_process.js:226:5)
15 verbose pkgid webpack-sample@1.0.0
16 verbose cwd C:\Workspace\webpack-sample
17 error Windows_NT 10.0.17134
18 error argv "C:\\Program Files\\nodejs\\node.exe" "C:\\Program Files\\nodejs\\node_modules\\npm\\bin\\npm-cli.js" "run" "build"
19 error node v7.2.1
20 error npm  v3.10.10
21 error code ELIFECYCLE
22 error webpack-sample@1.0.0 build: `webpack`
22 error Exit status 1
23 error Failed at the webpack-sample@1.0.0 build script 'webpack'.
23 error Make sure you have the latest version of node.js and npm installed.
23 error If you do, this is most likely a problem with the webpack-sample package,
23 error not with npm itself.
23 error Tell the author that this fails on your system:
23 error     webpack
23 error You can get information on how to open an issue for this project with:
23 error     npm bugs webpack-sample
23 error Or if that isn't available, you can get their info via:
23 error     npm owner ls webpack-sample
23 error There is likely additional logging output above.
24 verbose exit [ 1, true ]
